0 info it worked if it ends with ok
1 verbose cli [ '/usr/local/bin/node', '/usr/local/bin/npm', 'publish' ]
2 info using npm@3.9.5
3 info using node@v6.2.2
4 verbose publish [ '.' ]
5 silly cache add args [ '.', null ]
6 verbose cache add spec .
7 silly cache add parsed spec Result {
7 silly cache add   raw: '.',
7 silly cache add   scope: null,
7 silly cache add   name: null,
7 silly cache add   rawSpec: '.',
7 silly cache add   spec: '/EnvirsProject/miox-cli',
7 silly cache add   type: 'directory' }
8 verbose addLocalDirectory /Users/evio/.npm/miox-cli/1.0.3/package.tgz not in flight; packing
9 verbose correctMkdir /Users/evio/.npm correctMkdir not in flight; initializing
10 info lifecycle miox-cli@1.0.3~prepublish: miox-cli@1.0.3
11 silly lifecycle miox-cli@1.0.3~prepublish: no script for prepublish, continuing
12 verbose tar pack [ '/Users/evio/.npm/miox-cli/1.0.3/package.tgz',
12 verbose tar pack   '/EnvirsProject/miox-cli' ]
13 verbose tarball /Users/evio/.npm/miox-cli/1.0.3/package.tgz
14 verbose folder /EnvirsProject/miox-cli
15 verbose addLocalTarball adding from inside cache /Users/evio/.npm/miox-cli/1.0.3/package.tgz
16 verbose correctMkdir /Users/evio/.npm correctMkdir not in flight; initializing
17 silly cache afterAdd miox-cli@1.0.3
18 verbose afterAdd /Users/evio/.npm/miox-cli/1.0.3/package/package.json not in flight; writing
19 verbose correctMkdir /Users/evio/.npm correctMkdir not in flight; initializing
20 verbose afterAdd /Users/evio/.npm/miox-cli/1.0.3/package/package.json written
21 silly publish { name: 'miox-cli',
21 silly publish   description: 'The miox framework cli',
21 silly publish   version: '1.0.3',
21 silly publish   author: { name: 'Spikef', email: 'Spikef@foxmail.com' },
21 silly publish   repository:
21 silly publish    { type: 'git',
21 silly publish      url: 'git+https://github.com/Spikef/miox-cli.git' },
21 silly publish   keywords: [ 'miox', 'command', 'cli' ],
21 silly publish   files: [ 'lib', 'bin', 'template' ],
21 silly publish   bin: { mi: './bin/index.js' },
21 silly publish   dependencies:
21 silly publish    { chalk: '^1.1.3',
21 silly publish      cmdu: '^1.0.1',
21 silly publish      'fs-extra': '^0.30.0',
21 silly publish      inquirer: '^1.0.3' },
21 silly publish   devDependencies: {},
21 silly publish   scripts: {},
21 silly publish   'engine-strict': true,
21 silly publish   engines: { node: '>= 4.0' },
21 silly publish   license: 'MIT',
21 silly publish   readme: '# miox-cli\n\nThe [miox](https://github.com/cevio/matrix) framework cli\n\n## Install\n\n```bash\n$ npm install miox-cli -g\n```\n\n## Usage\n\n```bash\n$ mi\n```\n\n## License\n\nMIT',
21 silly publish   readmeFilename: 'README.md',
21 silly publish   gitHead: 'c8d3fe317811be44ee850700610d6ea4b3933046',
21 silly publish   bugs: { url: 'https://github.com/Spikef/miox-cli/issues' },
21 silly publish   homepage: 'https://github.com/Spikef/miox-cli#readme',
21 silly publish   _id: 'miox-cli@1.0.3',
21 silly publish   _shasum: 'acebfa170561e364df190c579dfb8bb3eba7290d',
21 silly publish   _from: '.' }
22 verbose getPublishConfig undefined
23 silly mapToRegistry name miox-cli
24 silly mapToRegistry using default registry
25 silly mapToRegistry registry https://registry.npmjs.org/
26 silly mapToRegistry data Result {
26 silly mapToRegistry   raw: 'miox-cli',
26 silly mapToRegistry   scope: null,
26 silly mapToRegistry   name: 'miox-cli',
26 silly mapToRegistry   rawSpec: '',
26 silly mapToRegistry   spec: 'latest',
26 silly mapToRegistry   type: 'tag' }
27 silly mapToRegistry uri https://registry.npmjs.org/miox-cli
28 verbose publish registryBase https://registry.npmjs.org/
29 silly publish uploading /Users/evio/.npm/miox-cli/1.0.3/package.tgz
30 verbose request uri https://registry.npmjs.org/miox-cli
31 verbose request sending authorization for write operation
32 info attempt registry request try #1 at 2:57:25 PM
33 verbose request using bearer token for auth
34 verbose request id bed635b659073c90
35 http request PUT https://registry.npmjs.org/miox-cli
36 http 403 https://registry.npmjs.org/miox-cli
37 verbose headers { 'content-type': 'application/json',
37 verbose headers   'cache-control': 'max-age=300',
37 verbose headers   'content-length': '95',
37 verbose headers   'accept-ranges': 'bytes',
37 verbose headers   date: 'Mon, 18 Jul 2016 06:57:27 GMT',
37 verbose headers   via: '1.1 varnish',
37 verbose headers   connection: 'keep-alive',
37 verbose headers   'x-served-by': 'cache-lax1438-LAX',
37 verbose headers   'x-cache': 'MISS',
37 verbose headers   'x-cache-hits': '0',
37 verbose headers   'x-timer': 'S1468825047.306901,VS0,VE211',
37 verbose headers   vary: 'Accept-Encoding' }
38 verbose request invalidating /Users/evio/.npm/registry.npmjs.org/miox-cli on PUT
39 error publish Failed PUT 403
40 verbose stack Error: "You cannot publish over the previously published version 1.0.3." : miox-cli
40 verbose stack     at makeError (/usr/local/lib/node_modules/npm/node_modules/npm-registry-client/lib/request.js:264:12)
40 verbose stack     at CachingRegistryClient.<anonymous> (/usr/local/lib/node_modules/npm/node_modules/npm-registry-client/lib/request.js:252:14)
40 verbose stack     at Request._callback (/usr/local/lib/node_modules/npm/node_modules/npm-registry-client/lib/request.js:172:14)
40 verbose stack     at Request.self.callback (/usr/local/lib/node_modules/npm/node_modules/request/request.js:200:22)
40 verbose stack     at emitTwo (events.js:106:13)
40 verbose stack     at Request.emit (events.js:191:7)
40 verbose stack     at Request.<anonymous> (/usr/local/lib/node_modules/npm/node_modules/request/request.js:1067:10)
40 verbose stack     at emitOne (events.js:101:20)
40 verbose stack     at Request.emit (events.js:188:7)
40 verbose stack     at IncomingMessage.<anonymous> (/usr/local/lib/node_modules/npm/node_modules/request/request.js:988:12)
41 verbose statusCode 403
42 verbose pkgid miox-cli
43 verbose cwd /EnvirsProject/miox-cli
44 error Darwin 15.5.0
45 error argv "/usr/local/bin/node" "/usr/local/bin/npm" "publish"
46 error node v6.2.2
47 error npm  v3.9.5
48 error code E403
49 error "You cannot publish over the previously published version 1.0.3." : miox-cli
50 error If you need help, you may report this error at:
50 error     <https://github.com/npm/npm/issues>
51 verbose exit [ 1, true ]
